[    9181ms] [VERBOSE] [DOM] Password field is not contained in a form: (More info: https://goo.gl/9p2vKq) %o @ https://accounts.google.com/v3/signin/identifier?opparams=%253F&dsh=S-250810006%3A1777485048750901&client_id=1078992815106-brpsupgvhheqg35tupphbh0qk9c32nq8.apps.googleusercontent.com&code_challenge=LAYYVEPhAwTM6B4Tp95YSZGHih0A2QiCpJzCCdTPB3I&code_challenge_method=S256&nonce=7b5ee16868b2f4724fbd4963f5d377eb&o2v=2&prompt=select_account&redirect_uri=https%3A%2F%2Fgithub.com%2Fsessions%2Fsocial%2Fgoogle%2Fcallback&response_type=code&scope=openid+email+profile&service=lso&state=0a4a6392a97157c506b8c00622131564&flowName=GeneralOAuthFlow&continue=https%3A%2F%2Faccounts.google.com%2Fsignin%2Foauth%2Fconsent%3Fauthuser%3Dunknown%26part%3DAJi8hAPraMgf0vT58QfRiBtmcs3UvmXPeCaM0203Nh-03CTsivLTv94g6PVHZp1cxgjIbJgC6MRAb4QFE2WDR9qOkxJ2Tojjov3jEE252O8bS47e-raN4orucbf7QIyByi4fiqCcCn2CLjpSoxrxVk8gxNJZzOerWVqFmjDf5a23BU0ljrzLMnrh9Ooje5neZo4KLucxVH2SW9YTUGskkZrmafSnLha4mdhwnXwyd1MI1zRo26ZgWAGsC_aez6ZzZHrOxweY0dZhOk69CkJx5hNQ-j-3pUHYUASXcsInjqLC9S5w12uvjCwJ543qbvyVfosxA1Vo-rIEH4xQaOiMXDkYGg2m05LguIs2foAlMmmoAoPr_C49rHk_rpoamo5WVuPut0wF7_SMeIJLbVkGd1nKOHySjFe63iqig3ZYu6H_dEG8FLdpJIYzaz3hRSJo_0d_Ufl42pQeuldmftExO0ogM8pKle3Q2w%26flowName%3DGeneralOAuthFlow%26as%3DS-250810006%253A1777485048750901%26client_id%3D1078992815106-brpsupgvhheqg35tupphbh0qk9c32nq8.apps.googleusercontent.com%26requestPath%3D%252Fsignin%252Foauth%252Fconsent%23&app_domain=https%3A%2F%2Fgithub.com&rart=ANgoxcdEjLIz4U2DsGFlpIlHlyrjG-QitolZbE9Y6tffOnT5jXfXWgGc8wA3rW86Xswx7pKwx3TQesScc9IwTMs_etUwFaBcFj4RUPFkGTfMbgYl1KOkOGo:0
[    9193ms] [LOG] %c%s color: red; background: yellow; font-size: 24px; WARNING! @ https://www.gstatic.com/_/mss/boq-identity/_/js/k=boq-identity.AccountsSignInUi.en_US.uyRcdCkifhA.es5.O/am=Kd8AAAChCIQMAMb__w0AEABB1MDrWQCaQGQAAAAAAAAAAMACAAA0Ag/d=1/excm=_b,_tp,identifierview/ed=1/dg=0/wt=2/ujg=1/rs=AOaEmlH6F4dg8o247GHVUITP2PYNAIaftg/dti=1/m=_b,_tp:541
[    9193ms] [LOG] %c%s font-size: 18px; Using this console may allow attackers to impersonate you and steal your information using an attack called Self-XSS.
Do not enter or paste code that you do not understand. @ https://www.gstatic.com/_/mss/boq-identity/_/js/k=boq-identity.AccountsSignInUi.en_US.uyRcdCkifhA.es5.O/am=Kd8AAAChCIQMAMb__w0AEABB1MDrWQCaQGQAAAAAAAAAAMACAAA0Ag/d=1/excm=_b,_tp,identifierview/ed=1/dg=0/wt=2/ujg=1/rs=AOaEmlH6F4dg8o247GHVUITP2PYNAIaftg/dti=1/m=_b,_tp:541
[   19950ms] [VERBOSE] [DOM] Password field is not contained in a form: (More info: https://goo.gl/9p2vKq) %o @ https://accounts.google.com/v3/signin/identifier?opparams=%253F&dsh=S-1928134683%3A1777485059865367&client_id=1078992815106-brpsupgvhheqg35tupphbh0qk9c32nq8.apps.googleusercontent.com&code_challenge=CUBk9D1xgskrFiYY4xfTm_UWLyeZZCCe7AKZMGxJEY0&code_challenge_method=S256&nonce=c1fcf2979fb941d49df5bcb0baa19777&o2v=2&prompt=select_account&redirect_uri=https%3A%2F%2Fgithub.com%2Fsessions%2Fsocial%2Fgoogle%2Fcallback&response_type=code&scope=openid+email+profile&service=lso&state=465bb7b185e54ccf655fb4fca11c66cf&flowName=GeneralOAuthFlow&continue=https%3A%2F%2Faccounts.google.com%2Fsignin%2Foauth%2Fconsent%3Fauthuser%3Dunknown%26part%3DAJi8hAO2zpLYs8i0yqTiErPNDXnWcqlVvNkBt34ZJ6IFICVuYcXOlIpsgCs5wjGeo-llGoPTv099zje3LEEuEv5bhhg1gfdRSyHIul2gRnZFEkoc6_axb5lwNS42n48Kc8gfXUin5HlfiNCdcMqGsRHX1RmwGysHpPwlIZn1hFR9kZj-8QGd3I7ZXqoCG_pixY8bfebDHRMcxPkX4sZ7Nnv3YILWArRlIHrWD321jHHrQpK-9akg2vIg4RgUZIhabVyrIdF_xAfkkX71fUity1UOeNne7YvH81AT8cYkzeKfV1JMHgynPETiNaXG69LmKAQVnGFULXFa-mclXGjbyiVdlYInoMHU1xvMH5b13ES9kwIZIU1JhFkM8L5RCWb0yFd2J7SF_1EmDig2q2Qsi0AYtC3tl-Zu6DG24nM7HmmY834AlNsjsGKAyQkMNWCBBtXZkM367_EPDeSCNaFaH9_QUDy_FhxD2w%26flowName%3DGeneralOAuthFlow%26as%3DS-1928134683%253A1777485059865367%26client_id%3D1078992815106-brpsupgvhheqg35tupphbh0qk9c32nq8.apps.googleusercontent.com%26requestPath%3D%252Fsignin%252Foauth%252Fconsent%23&app_domain=https%3A%2F%2Fgithub.com&rart=ANgoxcefFtWRRwCvEijA0dJb4XT82giMFDMTO85YQ088jA8H5Y3CM5fcOXhCGIPxkTJYP89hADs_KA5sYCkoGfImlARmWzWcNxt1hiquZ37Xw0JpIigyF_Y:0
[   19967ms] [LOG] %c%s color: red; background: yellow; font-size: 24px; WARNING! @ https://www.gstatic.com/_/mss/boq-identity/_/js/k=boq-identity.AccountsSignInUi.en_US.uyRcdCkifhA.es5.O/am=Kd8AAAChCIQMAMb__w0AEABB1MDrWQCaQGQAAAAAAAAAAMACAAA0Ag/d=1/excm=_b,_tp,identifierview/ed=1/dg=0/wt=2/ujg=1/rs=AOaEmlH6F4dg8o247GHVUITP2PYNAIaftg/dti=1/m=_b,_tp:541
[   19967ms] [LOG] %c%s font-size: 18px; Using this console may allow attackers to impersonate you and steal your information using an attack called Self-XSS.
Do not enter or paste code that you do not understand. @ https://www.gstatic.com/_/mss/boq-identity/_/js/k=boq-identity.AccountsSignInUi.en_US.uyRcdCkifhA.es5.O/am=Kd8AAAChCIQMAMb__w0AEABB1MDrWQCaQGQAAAAAAAAAAMACAAA0Ag/d=1/excm=_b,_tp,identifierview/ed=1/dg=0/wt=2/ujg=1/rs=AOaEmlH6F4dg8o247GHVUITP2PYNAIaftg/dti=1/m=_b,_tp:541
[   24143ms] [VERBOSE] [DOM] Password field is not contained in a form: (More info: https://goo.gl/9p2vKq) %o @ https://accounts.google.com/v3/signin/challenge/pwd?TL=APouJz7dGyAjQqJfiZgI9Pqcwsu0HDXtCW6G-K4deb1YYAKY7Ht5afFW0e2YucSb&app_domain=https%3A%2F%2Fgithub.com&checkConnection=youtube%3A123&checkedDomains=youtube&cid=2&client_id=1078992815106-brpsupgvhheqg35tupphbh0qk9c32nq8.apps.googleusercontent.com&code_challenge=CUBk9D1xgskrFiYY4xfTm_UWLyeZZCCe7AKZMGxJEY0&code_challenge_method=S256&continue=https%3A%2F%2Faccounts.google.com%2Fsignin%2Foauth%2Fconsent%3Fauthuser%3Dunknown%26part%3DAJi8hAO2zpLYs8i0yqTiErPNDXnWcqlVvNkBt34ZJ6IFICVuYcXOlIpsgCs5wjGeo-llGoPTv099zje3LEEuEv5bhhg1gfdRSyHIul2gRnZFEkoc6_axb5lwNS42n48Kc8gfXUin5HlfiNCdcMqGsRHX1RmwGysHpPwlIZn1hFR9kZj-8QGd3I7ZXqoCG_pixY8bfebDHRMcxPkX4sZ7Nnv3YILWArRlIHrWD321jHHrQpK-9akg2vIg4RgUZIhabVyrIdF_xAfkkX71fUity1UOeNne7YvH81AT8cYkzeKfV1JMHgynPETiNaXG69LmKAQVnGFULXFa-mclXGjbyiVdlYInoMHU1xvMH5b13ES9kwIZIU1JhFkM8L5RCWb0yFd2J7SF_1EmDig2q2Qsi0AYtC3tl-Zu6DG24nM7HmmY834AlNsjsGKAyQkMNWCBBtXZkM367_EPDeSCNaFaH9_QUDy_FhxD2w%26flowName%3DGeneralOAuthFlow%26as%3DS-1928134683%253A1777485059865367%26client_id%3D1078992815106-brpsupgvhheqg35tupphbh0qk9c32nq8.apps.googleusercontent.com%26requestPath%3D%252Fsignin%252Foauth%252Fconsent%23&dsh=S-1928134683%3A1777485059865367&flowName=GeneralOAuthFlow&nonce=c1fcf2979fb941d49df5bcb0baa19777&o2v=2&opparams=%253F&prompt=select_account&pstMsg=1&rart=ANgoxcefFtWRRwCvEijA0dJb4XT82giMFDMTO85YQ088jA8H5Y3CM5fcOXhCGIPxkTJYP89hADs_KA5sYCkoGfImlARmWzWcNxt1hiquZ37Xw0JpIigyF_Y&redirect_uri=https%3A%2F%2Fgithub.com%2Fsessions%2Fsocial%2Fgoogle%2Fcallback&response_type=code&scope=openid%20email%20profile&service=lso&state=465bb7b185e54ccf655fb4fca11c66cf:0
[   45933ms] [LOG] 🔍 ParkDataService imported sampleAttractions: {keys: Array(10), totalCount: 24, hasMagicKingdom: true, hasEpcot: true} @ https://theme-park-wait-time--giffdev.github.app/assets/index-XO1Fqajg.js:143
[   46008ms] [LOG] 🚀 App initializing sample data @ https://theme-park-wait-time--giffdev.github.app/assets/index-XO1Fqajg.js:217
[   46008ms] [LOG] ✅ Spark KV available @ https://theme-park-wait-time--giffdev.github.app/assets/index-XO1Fqajg.js:217
[   46009ms] [LOG] 🚀 ParkDataService initializing 24 parks @ https://theme-park-wait-time--giffdev.github.app/assets/index-XO1Fqajg.js:143
[   47444ms] [LOG] ✅ universal-studios-orlando already initialized (17 attractions) @ https://theme-park-wait-time--giffdev.github.app/assets/index-XO1Fqajg.js:143
[   47888ms] [LOG] ✅ islands-of-adventure already initialized (19 attractions) @ https://theme-park-wait-time--giffdev.github.app/assets/index-XO1Fqajg.js:143
[   49251ms] [LOG] ✅ epic-universe already initialized (14 attractions) @ https://theme-park-wait-time--giffdev.github.app/assets/index-XO1Fqajg.js:143
[   50119ms] [LOG] ✅ hollywood-studios already initialized (18 attractions) @ https://theme-park-wait-time--giffdev.github.app/assets/index-XO1Fqajg.js:143
[   50645ms] [LOG] ✅ animal-kingdom already initialized (18 attractions) @ https://theme-park-wait-time--giffdev.github.app/assets/index-XO1Fqajg.js:143
[   51013ms] [WARNING] ⏰ Timeout reached, allowing app to load anyway @ https://theme-park-wait-time--giffdev.github.app/assets/index-XO1Fqajg.js:217
[   51058ms] [LOG] Magic Kingdom busy level: {level: 93, label: Extreme, colorClass: bg-destructive text-destructive-foreground} @ https://theme-park-wait-time--giffdev.github.app/assets/index-XO1Fqajg.js:143
[   51058ms] [LOG] EPCOT busy level: {level: 63, label: High, colorClass: bg-secondary text-secondary-foreground} @ https://theme-park-wait-time--giffdev.github.app/assets/index-XO1Fqajg.js:143
[   51058ms] [LOG] Disney's Hollywood Studios busy level: {level: 73, label: High, colorClass: bg-secondary text-secondary-foreground} @ https://theme-park-wait-time--giffdev.github.app/assets/index-XO1Fqajg.js:143
[   51059ms] [LOG] Disney's Animal Kingdom busy level: {level: 68, label: High, colorClass: bg-secondary text-secondary-foreground} @ https://theme-park-wait-time--giffdev.github.app/assets/index-XO1Fqajg.js:143
[   51059ms] [LOG] Disney's Blizzard Beach busy level: {level: 73, label: High, colorClass: bg-secondary text-secondary-foreground} @ https://theme-park-wait-time--giffdev.github.app/assets/index-XO1Fqajg.js:143
[   51059ms] [LOG] Disney's Typhoon Lagoon busy level: {level: 73, label: High, colorClass: bg-secondary text-secondary-foreground} @ https://theme-park-wait-time--giffdev.github.app/assets/index-XO1Fqajg.js:143
[   51059ms] [LOG] Disneyland Park busy level: {level: 73, label: High, colorClass: bg-secondary text-secondary-foreground} @ https://theme-park-wait-time--giffdev.github.app/assets/index-XO1Fqajg.js:143
[   51059ms] [LOG] Disney California Adventure busy level: {level: 73, label: High, colorClass: bg-secondary text-secondary-foreground} @ https://theme-park-wait-time--giffdev.github.app/assets/index-XO1Fqajg.js:143
[   51059ms] [LOG] Universal Studios Florida busy level: {level: 83, label: Extreme, colorClass: bg-destructive text-destructive-foreground} @ https://theme-park-wait-time--giffdev.github.app/assets/index-XO1Fqajg.js:143
[   51060ms] [LOG] Universal's Islands of Adventure busy level: {level: 73, label: High, colorClass: bg-secondary text-secondary-foreground} @ https://theme-park-wait-time--giffdev.github.app/assets/index-XO1Fqajg.js:143
[   51060ms] [LOG] Universal Epic Universe busy level: {level: 73, label: High, colorClass: bg-secondary text-secondary-foreground} @ https://theme-park-wait-time--giffdev.github.app/assets/index-XO1Fqajg.js:143
[   51060ms] [LOG] Universal's Volcano Bay busy level: {level: 73, label: High, colorClass: bg-secondary text-secondary-foreground} @ https://theme-park-wait-time--giffdev.github.app/assets/index-XO1Fqajg.js:143
[   51060ms] [LOG] Universal Studios Hollywood busy level: {level: 83, label: Extreme, colorClass: bg-destructive text-destructive-foreground} @ https://theme-park-wait-time--giffdev.github.app/assets/index-XO1Fqajg.js:143
[   51060ms] [LOG] Six Flags Magic Mountain busy level: {level: 73, label: High, colorClass: bg-secondary text-secondary-foreground} @ https://theme-park-wait-time--giffdev.github.app/assets/index-XO1Fqajg.js:143
[   51060ms] [LOG] Six Flags Great Adventure busy level: {level: 73, label: High, colorClass: bg-secondary text-secondary-foreground} @ https://theme-park-wait-time--giffdev.github.app/assets/index-XO1Fqajg.js:143
[   51060ms] [LOG] Six Flags Hurricane Harbor busy level: {level: 73, label: High, colorClass: bg-secondary text-secondary-foreground} @ https://theme-park-wait-time--giffdev.github.app/assets/index-XO1Fqajg.js:143
[   51060ms] [LOG] Cedar Point busy level: {level: 73, label: High, colorClass: bg-secondary text-secondary-foreground} @ https://theme-park-wait-time--giffdev.github.app/assets/index-XO1Fqajg.js:143
[   51061ms] [LOG] Cedar Point Shores busy level: {level: 73, label: High, colorClass: bg-secondary text-secondary-foreground} @ https://theme-park-wait-time--giffdev.github.app/assets/index-XO1Fqajg.js:143
[   51061ms] [LOG] Knott's Berry Farm busy level: {level: 73, label: High, colorClass: bg-secondary text-secondary-foreground} @ https://theme-park-wait-time--giffdev.github.app/assets/index-XO1Fqajg.js:143
[   51061ms] [LOG] Knott's Soak City busy level: {level: 73, label: High, colorClass: bg-secondary text-secondary-foreground} @ https://theme-park-wait-time--giffdev.github.app/assets/index-XO1Fqajg.js:143
[   51061ms] [LOG] Worlds of Fun busy level: {level: 73, label: High, colorClass: bg-secondary text-secondary-foreground} @ https://theme-park-wait-time--giffdev.github.app/assets/index-XO1Fqajg.js:143
[   51061ms] [LOG] Oceans of Fun busy level: {level: 73, label: High, colorClass: bg-secondary text-secondary-foreground} @ https://theme-park-wait-time--giffdev.github.app/assets/index-XO1Fqajg.js:143
[   51061ms] [LOG] Silverwood Theme Park busy level: {level: 73, label: High, colorClass: bg-secondary text-secondary-foreground} @ https://theme-park-wait-time--giffdev.github.app/assets/index-XO1Fqajg.js:143
[   51062ms] [LOG] Boulder Beach Water Park busy level: {level: 73, label: High, colorClass: bg-secondary text-secondary-foreground} @ https://theme-park-wait-time--giffdev.github.app/assets/index-XO1Fqajg.js:143
[   51296ms] [LOG] ✅ magic-kingdom already initialized (24 attractions) @ https://theme-park-wait-time--giffdev.github.app/assets/index-XO1Fqajg.js:143
[   52119ms] [LOG] ✅ epcot already initialized (20 attractions) @ https://theme-park-wait-time--giffdev.github.app/assets/index-XO1Fqajg.js:143
[   52655ms] [LOG] ✅ disneyland already initialized (37 attractions) @ https://theme-park-wait-time--giffdev.github.app/assets/index-XO1Fqajg.js:143
[   53534ms] [LOG] ✅ disney-california-adventure already initialized (19 attractions) @ https://theme-park-wait-time--giffdev.github.app/assets/index-XO1Fqajg.js:143
[   54419ms] [LOG] ✅ universal-studios-hollywood already initialized (15 attractions) @ https://theme-park-wait-time--giffdev.github.app/assets/index-XO1Fqajg.js:143
[   56035ms] [LOG] ✅ six-flags-magic-mountain already initialized (22 attractions) @ https://theme-park-wait-time--giffdev.github.app/assets/index-XO1Fqajg.js:143
[   56763ms] [LOG] ✅ six-flags-great-adventure already initialized (19 attractions) @ https://theme-park-wait-time--giffdev.github.app/assets/index-XO1Fqajg.js:143
[   57575ms] [LOG] ✅ cedar-point already initialized (20 attractions) @ https://theme-park-wait-time--giffdev.github.app/assets/index-XO1Fqajg.js:143
[   58100ms] [LOG] ✅ knotts-berry-farm already initialized (18 attractions) @ https://theme-park-wait-time--giffdev.github.app/assets/index-XO1Fqajg.js:143
[   59372ms] [LOG] ✅ blizzard-beach already initialized (11 attractions) @ https://theme-park-wait-time--giffdev.github.app/assets/index-XO1Fqajg.js:143
[   60166ms] [LOG] ✅ typhoon-lagoon already initialized (10 attractions) @ https://theme-park-wait-time--giffdev.github.app/assets/index-XO1Fqajg.js:143
[   60638ms] [LOG] ✅ volcano-bay already initialized (12 attractions) @ https://theme-park-wait-time--giffdev.github.app/assets/index-XO1Fqajg.js:143
[   61393ms] [LOG] ✅ six-flags-hurricane-harbor-nj already initialized (7 attractions) @ https://theme-park-wait-time--giffdev.github.app/assets/index-XO1Fqajg.js:143
[   62175ms] [LOG] ✅ cedar-point-shores already initialized (8 attractions) @ https://theme-park-wait-time--giffdev.github.app/assets/index-XO1Fqajg.js:143
[   62772ms] [LOG] ✅ knotts-soak-city already initialized (6 attractions) @ https://theme-park-wait-time--giffdev.github.app/assets/index-XO1Fqajg.js:143
[   63863ms] [LOG] ✅ worlds-of-fun already initialized (22 attractions) @ https://theme-park-wait-time--giffdev.github.app/assets/index-XO1Fqajg.js:143
[   64666ms] [LOG] ✅ oceans-of-fun already initialized (16 attractions) @ https://theme-park-wait-time--giffdev.github.app/assets/index-XO1Fqajg.js:143
[   65170ms] [LOG] ✅ silverwood already initialized (17 attractions) @ https://theme-park-wait-time--giffdev.github.app/assets/index-XO1Fqajg.js:143
[   66028ms] [LOG] ✅ boulder-beach already initialized (10 attractions) @ https://theme-park-wait-time--giffdev.github.app/assets/index-XO1Fqajg.js:143
[   66028ms] [LOG] 🎉 ParkDataService initialization complete: 24/24 parks @ https://theme-park-wait-time--giffdev.github.app/assets/index-XO1Fqajg.js:143
[   66028ms] [LOG] ✅ Data initialized successfully @ https://theme-park-wait-time--giffdev.github.app/assets/index-XO1Fqajg.js:217
